<?xml version="1.0" encoding="utf-8"?><testsuites><testsuite name="pytest" errors="0" failures="0" skipped="0" tests="9" time="42.835" timestamp="2021-11-29T17:19:33.809866" hostname="OLI-OMEN"><testcase classname="examples.streamlit_app" name="mypy" time="40.835" /><testcase classname="examples.streamlit_app" name="mypy-status" time="0.001" /><testcase classname="examples.streamlit_app" name="FLAKE8" time="0.080" /><testcase classname="src.sherpa_streamlit.__init__" name="mypy" time="0.001" /><testcase classname="src.sherpa_streamlit.__init__" name="FLAKE8" time="0.057" /><testcase classname="src.sherpa_streamlit.util" name="mypy" time="1.353" /><testcase classname="src.sherpa_streamlit.util" name="FLAKE8" time="0.180" /><testcase classname="src.sherpa_streamlit.visualizer" name="mypy" time="0.001" /><testcase classname="src.sherpa_streamlit.visualizer" name="FLAKE8" time="0.184" /></testsuite></testsuites>