<?xml version="1.0" encoding="utf-8"?><testsuites><testsuite name="pytest" errors="0" failures="1" skipped="3" tests="5" time="2.212" timestamp="2021-12-20T09:59:52.219112" hostname="OLI-OMEN"><testcase classname="examples.streamlit_app" name="FLAKE8" time="0.000"><skipped type="pytest.skip" message="file(s) previously passed FLAKE8 checks">/home/olivier/dev/kairntech/sherpa_streamlit/.tox/py38/lib/python3.8/site-packages/pytest_flake8.py:116: file(s) previously passed FLAKE8 checks</skipped></testcase><testcase classname="src.sherpa_streamlit.__init__" name="FLAKE8" time="0.059" /><testcase classname="src.sherpa_streamlit.sherpa" name="FLAKE8" time="2.028"><failure message="/home/olivier/dev/kairntech/sherpa_streamlit/src/sherpa_streamlit/sherpa.py:139:27: E128 continuation line under-indented for visual indent&#10;">/home/olivier/dev/kairntech/sherpa_streamlit/src/sherpa_streamlit/sherpa.py:139:27: E128 continuation line under-indented for visual indent
</failure></testcase><testcase classname="src.sherpa_streamlit.util" name="FLAKE8" time="0.000"><skipped type="pytest.skip" message="file(s) previously passed FLAKE8 checks">/home/olivier/dev/kairntech/sherpa_streamlit/.tox/py38/lib/python3.8/site-packages/pytest_flake8.py:116: file(s) previously passed FLAKE8 checks</skipped></testcase><testcase classname="src.sherpa_streamlit.visualizer" name="FLAKE8" time="0.000"><skipped type="pytest.skip" message="file(s) previously passed FLAKE8 checks">/home/olivier/dev/kairntech/sherpa_streamlit/.tox/py38/lib/python3.8/site-packages/pytest_flake8.py:116: file(s) previously passed FLAKE8 checks</skipped></testcase></testsuite></testsuites>