<?xml version="1.0" encoding="utf-8"?><testsuites><testsuite name="pytest" errors="0" failures="3" skipped="4" tests="11" time="4.203" timestamp="2021-12-22T11:40:17.414191" hostname="OLI-OMEN"><testcase classname="examples.streamlit_app" name="mypy" time="1.593" /><testcase classname="examples.streamlit_app" name="mypy-status" time="0.001"><failure message="mypy exited with status 1.">mypy exited with status 1.</failure></testcase><testcase classname="examples.streamlit_app" name="FLAKE8" time="0.000"><skipped type="pytest.skip" message="file(s) previously passed FLAKE8 checks">/home/olivier/dev/kairntech/sherpa_streamlit/.tox/py38/lib/python3.8/site-packages/pytest_flake8.py:116: file(s) previously passed FLAKE8 checks</skipped></testcase><testcase classname="src.sherpa_streamlit.__init__" name="mypy" time="0.001" /><testcase classname="src.sherpa_streamlit.__init__" name="FLAKE8" time="0.000"><skipped type="pytest.skip" message="file(s) previously passed FLAKE8 checks">/home/olivier/dev/kairntech/sherpa_streamlit/.tox/py38/lib/python3.8/site-packages/pytest_flake8.py:116: file(s) previously passed FLAKE8 checks</skipped></testcase><testcase classname="src.sherpa_streamlit.sherpa" name="mypy" time="1.619"><failure message="48: error: Item &quot;Unset&quot; of &quot;Union[Unset, Dict[str, Label]]&quot; has no attribute &quot;items&quot;&#10;50: error: Incompatible types in assignment (expression has type &quot;Unset&quot;, variable has type &quot;Dict[Union[Any, str], Union[Any, Dict[str, Any]]]&quot;)&#10;54: error: Item &quot;Unset&quot; of &quot;Union[Unset, AnnotationPlan]&quot; has no attribute &quot;to_dict&quot;&#10;133: error: Need type annotation for &quot;register&quot; (hint: &quot;register: Dict[&lt;type&gt;, &lt;type&gt;] = ...&quot;)&#10;171: error: Missing return statement&#10;174: error: Incompatible return value type (got &quot;Optional[List[ProjectBean]]&quot;, expected &quot;List[ProjectBean]&quot;)&#10;184: error: Incompatible return value type (got &quot;None&quot;, expected &quot;ProjectBean&quot;)&#10;192: error: Incompatible return value type (got &quot;None&quot;, expected &quot;ProjectBean&quot;)&#10;200: error: Value of type &quot;Optional[List[Document]]&quot; is not indexable&#10;203: error: Incompatible return value type (got &quot;Union[Document, Any, None]&quot;, expected &quot;Document&quot;)&#10;213: error: Incompatible types in assignment (expression has type &quot;Optional[AnnotatorMultimap]&quot;, variable has type &quot;AnnotatorMultimap&quot;)&#10;247: error: Item &quot;None&quot; of &quot;Optional[List[Label]]&quot; has no attribute &quot;__iter__&quot; (not iterable)&#10;259: error: Incompatible return value type (got &quot;None&quot;, expected &quot;ExtendedAnnotator&quot;)&#10;262: error: Missing return statement&#10;266: error: Incompatible return value type (got &quot;Union[Any, NamedAnnotationPlan, None]&quot;, expected &quot;NamedAnnotationPlan&quot;)&#10;285: error: Incompatible return value type (got &quot;Optional[AnnotatedDocument]&quot;, expected &quot;AnnotatedDocument&quot;)&#10;289: error: Incompatible types in assignment (expression has type &quot;Optional[Any]&quot;, variable has type &quot;File&quot;)&#10;298: error: Missing return statement&#10;319: error: Argument &quot;payload&quot; to &quot;File&quot; has incompatible type &quot;bytes&quot;; expected &quot;Union[BinaryIO, TextIO]&quot;&#10;322: error: Argument &quot;multipart_data&quot; to &quot;sync_detailed&quot; has incompatible type &quot;AnnotateFormatBinaryWithPlanRefMultipartData&quot;; expected &quot;AnnotateBinaryWithPlanRefMultipartData&quot;&#10;328: error: Incompatible return value type (got &quot;Optional[List[AnnotatedDocument]]&quot;, expected &quot;List[AnnotatedDocument]&quot;)&#10;330: error: Missing return statement&#10;335: error: Argument &quot;payload&quot; to &quot;File&quot; has incompatible type &quot;bytes&quot;; expected &quot;Union[BinaryIO, TextIO]&quot;&#10;383: error: Incompatible return value type (got &quot;Optional[List[AnnotatedDocument]]&quot;, expected &quot;List[AnnotatedDocument]&quot;)&#10;385: error: Missing return statement">48: error: Item "Unset" of "Union[Unset, Dict[str, Label]]" has no attribute "items"
50: error: Incompatible types in assignment (expression has type "Unset", variable has type "Dict[Union[Any, str], Union[Any, Dict[str, Any]]]")
54: error: Item "Unset" of "Union[Unset, AnnotationPlan]" has no attribute "to_dict"
133: error: Need type annotation for "register" (hint: "register: Dict[&lt;type&gt;, &lt;type&gt;] = ...")
171: error: Missing return statement
174: error: Incompatible return value type (got "Optional[List[ProjectBean]]", expected "List[ProjectBean]")
184: error: Incompatible return value type (got "None", expected "ProjectBean")
192: error: Incompatible return value type (got "None", expected "ProjectBean")
200: error: Value of type "Optional[List[Document]]" is not indexable
203: error: Incompatible return value type (got "Union[Document, Any, None]", expected "Document")
213: error: Incompatible types in assignment (expression has type "Optional[AnnotatorMultimap]", variable has type "AnnotatorMultimap")
247: error: Item "None" of "Optional[List[Label]]" has no attribute "__iter__" (not iterable)
259: error: Incompatible return value type (got "None", expected "ExtendedAnnotator")
262: error: Missing return statement
266: error: Incompatible return value type (got "Union[Any, NamedAnnotationPlan, None]", expected "NamedAnnotationPlan")
285: error: Incompatible return value type (got "Optional[AnnotatedDocument]", expected "AnnotatedDocument")
289: error: Incompatible types in assignment (expression has type "Optional[Any]", variable has type "File")
298: error: Missing return statement
319: error: Argument "payload" to "File" has incompatible type "bytes"; expected "Union[BinaryIO, TextIO]"
322: error: Argument "multipart_data" to "sync_detailed" has incompatible type "AnnotateFormatBinaryWithPlanRefMultipartData"; expected "AnnotateBinaryWithPlanRefMultipartData"
328: error: Incompatible return value type (got "Optional[List[AnnotatedDocument]]", expected "List[AnnotatedDocument]")
330: error: Missing return statement
335: error: Argument "payload" to "File" has incompatible type "bytes"; expected "Union[BinaryIO, TextIO]"
383: error: Incompatible return value type (got "Optional[List[AnnotatedDocument]]", expected "List[AnnotatedDocument]")
385: error: Missing return statement</failure></testcase><testcase classname="src.sherpa_streamlit.sherpa" name="FLAKE8" time="0.000"><skipped type="pytest.skip" message="file(s) previously passed FLAKE8 checks">/home/olivier/dev/kairntech/sherpa_streamlit/.tox/py38/lib/python3.8/site-packages/pytest_flake8.py:116: file(s) previously passed FLAKE8 checks</skipped></testcase><testcase classname="src.sherpa_streamlit.util" name="mypy" time="0.001" /><testcase classname="src.sherpa_streamlit.util" name="FLAKE8" time="0.000"><skipped type="pytest.skip" message="file(s) previously passed FLAKE8 checks">/home/olivier/dev/kairntech/sherpa_streamlit/.tox/py38/lib/python3.8/site-packages/pytest_flake8.py:116: file(s) previously passed FLAKE8 checks</skipped></testcase><testcase classname="src.sherpa_streamlit.visualizer" name="mypy" time="0.001"><failure message="141: error: Incompatible types in assignment (expression has type &quot;None&quot;, variable has type &quot;AnnotatedDocument&quot;)&#10;142: error: Incompatible types in assignment (expression has type &quot;None&quot;, variable has type &quot;str&quot;)&#10;143: error: Incompatible types in assignment (expression has type &quot;None&quot;, variable has type &quot;UploadedFile&quot;)&#10;144: error: Incompatible types in assignment (expression has type &quot;None&quot;, variable has type &quot;File&quot;)&#10;270: error: Item &quot;Unset&quot; of &quot;Union[Unset, List[AnnotatedDocCategory]]&quot; has no attribute &quot;__iter__&quot; (not iterable)&#10;273: error: Item &quot;Unset&quot; of &quot;Union[Unset, Dict[str, Label]]&quot; has no attribute &quot;get&quot;&#10;273: error: Item &quot;None&quot; of &quot;Union[Any, Label, None]&quot; has no attribute &quot;color&quot;&#10;273: error: Unsupported right operand type for in (&quot;Union[Unset, Dict[str, Label]]&quot;)&#10;274: error: Incompatible types in string interpolation (expression has type &quot;Unset&quot;, placeholder has type &quot;Union[int, float]&quot;)&#10;284: error: Item &quot;Unset&quot; of &quot;Union[Unset, List[AnnotatedDocAnnotation]]&quot; has no attribute &quot;__iter__&quot; (not iterable)&#10;293: error: Item &quot;Unset&quot; of &quot;Union[Unset, Dict[str, Label]]&quot; has no attribute &quot;get&quot;&#10;293: error: Item &quot;None&quot; of &quot;Union[Any, Label, None]&quot; has no attribute &quot;color&quot;&#10;293: error: Unsupported right operand type for in (&quot;Union[Unset, Dict[str, Label]]&quot;)">141: error: Incompatible types in assignment (expression has type "None", variable has type "AnnotatedDocument")
142: error: Incompatible types in assignment (expression has type "None", variable has type "str")
143: error: Incompatible types in assignment (expression has type "None", variable has type "UploadedFile")
144: error: Incompatible types in assignment (expression has type "None", variable has type "File")
270: error: Item "Unset" of "Union[Unset, List[AnnotatedDocCategory]]" has no attribute "__iter__" (not iterable)
273: error: Item "Unset" of "Union[Unset, Dict[str, Label]]" has no attribute "get"
273: error: Item "None" of "Union[Any, Label, None]" has no attribute "color"
273: error: Unsupported right operand type for in ("Union[Unset, Dict[str, Label]]")
274: error: Incompatible types in string interpolation (expression has type "Unset", placeholder has type "Union[int, float]")
284: error: Item "Unset" of "Union[Unset, List[AnnotatedDocAnnotation]]" has no attribute "__iter__" (not iterable)
293: error: Item "Unset" of "Union[Unset, Dict[str, Label]]" has no attribute "get"
293: error: Item "None" of "Union[Any, Label, None]" has no attribute "color"
293: error: Unsupported right operand type for in ("Union[Unset, Dict[str, Label]]")</failure></testcase><testcase classname="src.sherpa_streamlit.visualizer" name="FLAKE8" time="0.231" /></testsuite></testsuites>