<?xml version="1.0" encoding="utf-8"?><testsuites><testsuite name="pytest" errors="0" failures="0" skipped="3" tests="5" time="1.433" timestamp="2022-02-23T17:36:56.107518" hostname="OLI-OMEN"><testcase classname="examples.streamlit_app" name="FLAKE8" time="0.000"><skipped type="pytest.skip" message="file(s) previously passed FLAKE8 checks">/home/olivier/dev/kairntech/sherpa_streamlit/.tox/py38/lib/python3.8/site-packages/pytest_flake8.py:116: file(s) previously passed FLAKE8 checks</skipped></testcase><testcase classname="src.sherpa_streamlit.__init__" name="FLAKE8" time="0.062" /><testcase classname="src.sherpa_streamlit.sherpa" name="FLAKE8" time="1.119"><skipped type="pytest.skip" message="file(s) previously passed FLAKE8 checks">/home/olivier/dev/kairntech/sherpa_streamlit/.tox/py38/lib/python3.8/site-packages/pytest_flake8.py:116: file(s) previously passed FLAKE8 checks</skipped></testcase><testcase classname="src.sherpa_streamlit.util" name="FLAKE8" time="0.000"><skipped type="pytest.skip" message="file(s) previously passed FLAKE8 checks">/home/olivier/dev/kairntech/sherpa_streamlit/.tox/py38/lib/python3.8/site-packages/pytest_flake8.py:116: file(s) previously passed FLAKE8 checks</skipped></testcase><testcase classname="src.sherpa_streamlit.visualizer" name="FLAKE8" time="0.126" /></testsuite></testsuites>