<?xml version="1.0" encoding="utf-8"?><testsuites><testsuite name="pytest" errors="0" failures="1" skipped="3" tests="4" time="1.022" timestamp="2021-11-30T18:21:14.108207" hostname="OLI-OMEN"><testcase classname="examples.streamlit_app" name="FLAKE8" time="0.000"><skipped type="pytest.skip" message="file(s) previously passed FLAKE8 checks">/home/olivier/dev/kairntech/sherpa_streamlit/.tox/py38/lib/python3.8/site-packages/pytest_flake8.py:116: file(s) previously passed FLAKE8 checks</skipped></testcase><testcase classname="src.sherpa_streamlit.__init__" name="FLAKE8" time="0.000"><skipped type="pytest.skip" message="file(s) previously passed FLAKE8 checks">/home/olivier/dev/kairntech/sherpa_streamlit/.tox/py38/lib/python3.8/site-packages/pytest_flake8.py:116: file(s) previously passed FLAKE8 checks</skipped></testcase><testcase classname="src.sherpa_streamlit.util" name="FLAKE8" time="0.942"><failure message="/home/olivier/dev/kairntech/sherpa_streamlit/src/sherpa_streamlit/util.py:6:1: F401 'annotated_text.annotation' imported but unused&#10;/home/olivier/dev/kairntech/sherpa_streamlit/src/sherpa_streamlit/util.py:12:1: F401 'htbuilder.HtmlElement' imported but unused&#10;/home/olivier/dev/kairntech/sherpa_streamlit/src/sherpa_streamlit/util.py:17:1: F811 redefinition of unused 'span' from line 6&#10;/home/olivier/dev/kairntech/sherpa_streamlit/src/sherpa_streamlit/util.py:296:1: E303 too many blank lines (3)&#10;">/home/olivier/dev/kairntech/sherpa_streamlit/src/sherpa_streamlit/util.py:6:1: F401 'annotated_text.annotation' imported but unused
/home/olivier/dev/kairntech/sherpa_streamlit/src/sherpa_streamlit/util.py:12:1: F401 'htbuilder.HtmlElement' imported but unused
/home/olivier/dev/kairntech/sherpa_streamlit/src/sherpa_streamlit/util.py:17:1: F811 redefinition of unused 'span' from line 6
/home/olivier/dev/kairntech/sherpa_streamlit/src/sherpa_streamlit/util.py:296:1: E303 too many blank lines (3)
</failure></testcase><testcase classname="src.sherpa_streamlit.visualizer" name="FLAKE8" time="0.000"><skipped type="pytest.skip" message="file(s) previously passed FLAKE8 checks">/home/olivier/dev/kairntech/sherpa_streamlit/.tox/py38/lib/python3.8/site-packages/pytest_flake8.py:116: file(s) previously passed FLAKE8 checks</skipped></testcase></testsuite></testsuites>