<?xml version="1.0" encoding="utf-8"?><testsuites><testsuite name="pytest" errors="0" failures="0" skipped="4" tests="5" time="1.499" timestamp="2021-12-20T10:02:12.489879" hostname="OLI-OMEN"><testcase classname="examples.streamlit_app" name="FLAKE8" time="0.000"><skipped type="pytest.skip" message="file(s) previously passed FLAKE8 checks">/home/olivier/dev/kairntech/sherpa_streamlit/.tox/py38/lib/python3.8/site-packages/pytest_flake8.py:116: file(s) previously passed FLAKE8 checks</skipped></testcase><testcase classname="src.sherpa_streamlit.__init__" name="FLAKE8" time="0.000"><skipped type="pytest.skip" message="file(s) previously passed FLAKE8 checks">/home/olivier/dev/kairntech/sherpa_streamlit/.tox/py38/lib/python3.8/site-packages/pytest_flake8.py:116: file(s) previously passed FLAKE8 checks</skipped></testcase><testcase classname="src.sherpa_streamlit.sherpa" name="FLAKE8" time="1.373" /><testcase classname="src.sherpa_streamlit.util" name="FLAKE8" time="0.000"><skipped type="pytest.skip" message="file(s) previously passed FLAKE8 checks">/home/olivier/dev/kairntech/sherpa_streamlit/.tox/py38/lib/python3.8/site-packages/pytest_flake8.py:116: file(s) previously passed FLAKE8 checks</skipped></testcase><testcase classname="src.sherpa_streamlit.visualizer" name="FLAKE8" time="0.000"><skipped type="pytest.skip" message="file(s) previously passed FLAKE8 checks">/home/olivier/dev/kairntech/sherpa_streamlit/.tox/py38/lib/python3.8/site-packages/pytest_flake8.py:116: file(s) previously passed FLAKE8 checks</skipped></testcase></testsuite></testsuites>