<?xml version="1.0" encoding="utf-8"?><testsuites><testsuite name="pytest" errors="0" failures="4" skipped="3" tests="11" time="4.290" timestamp="2022-03-23T18:37:30.878291" hostname="OLI-OMEN"><testcase classname="examples.streamlit_app" name="mypy" time="1.376" /><testcase classname="examples.streamlit_app" name="mypy-status" time="0.001"><failure message="mypy exited with status 1.">mypy exited with status 1.</failure></testcase><testcase classname="examples.streamlit_app" name="FLAKE8" time="0.001"><skipped type="pytest.skip" message="file(s) previously passed FLAKE8 checks">/home/olivier/dev/kairntech/sherpa_streamlit/.tox/py38/lib/python3.8/site-packages/pytest_flake8.py:124: file(s) previously passed FLAKE8 checks</skipped></testcase><testcase classname="src.sherpa_streamlit.__init__" name="mypy" time="0.001" /><testcase classname="src.sherpa_streamlit.__init__" name="FLAKE8" time="0.080" /><testcase classname="src.sherpa_streamlit.sherpa" name="mypy" time="1.853"><failure message="75: error: Item &quot;Unset&quot; of &quot;Union[Unset, Dict[str, Label]]&quot; has no attribute &quot;items&quot;&#10;77: error: Incompatible types in assignment (expression has type &quot;Unset&quot;, variable has type &quot;Dict[Union[Any, str], Union[Any, Dict[str, Any]]]&quot;)&#10;81: error: Item &quot;Unset&quot; of &quot;Union[Unset, AnnotationPlan]&quot; has no attribute &quot;to_dict&quot;&#10;160: error: Need type annotation for &quot;register&quot; (hint: &quot;register: Dict[&lt;type&gt;, &lt;type&gt;] = ...&quot;)&#10;213: error: Missing return statement&#10;216: error: Incompatible return value type (got &quot;Optional[List[ProjectBean]]&quot;, expected &quot;List[ProjectBean]&quot;)&#10;226: error: Incompatible return value type (got &quot;None&quot;, expected &quot;ProjectBean&quot;)&#10;234: error: Incompatible return value type (got &quot;None&quot;, expected &quot;ProjectBean&quot;)&#10;244: error: Value of type &quot;Optional[List[Document]]&quot; is not indexable&#10;247: error: Incompatible return value type (got &quot;Union[Document, Any, None]&quot;, expected &quot;Document&quot;)&#10;261: error: Incompatible types in assignment (expression has type &quot;Optional[AnnotatorMultimap]&quot;, variable has type &quot;AnnotatorMultimap&quot;)&#10;304: error: Item &quot;None&quot; of &quot;Optional[List[Label]]&quot; has no attribute &quot;__iter__&quot; (not iterable)&#10;321: error: Incompatible return value type (got &quot;None&quot;, expected &quot;ExtendedAnnotator&quot;)&#10;324: error: Missing return statement&#10;330: error: Incompatible return value type (got &quot;Union[Any, NamedAnnotationPlan, None]&quot;, expected &quot;NamedAnnotationPlan&quot;)&#10;355: error: Incompatible return value type (got &quot;Optional[AnnotatedDocument]&quot;, expected &quot;AnnotatedDocument&quot;)&#10;359: error: Incompatible types in assignment (expression has type &quot;Optional[Any]&quot;, variable has type &quot;File&quot;)&#10;370: error: Missing return statement&#10;405: error: Argument &quot;payload&quot; to &quot;File&quot; has incompatible type &quot;bytes&quot;; expected &quot;Union[BinaryIO, TextIO]&quot;&#10;411: error: Argument &quot;multipart_data&quot; to &quot;sync_detailed&quot; has incompatible type &quot;AnnotateFormatBinaryWithPlanRefMultipartData&quot;; expected &quot;AnnotateBinaryWithPlanRefMultipartData&quot;&#10;417: error: Incompatible return value type (got &quot;Optional[List[AnnotatedDocument]]&quot;, expected &quot;List[AnnotatedDocument]&quot;)&#10;419: error: Missing return statement&#10;432: error: Argument &quot;payload&quot; to &quot;File&quot; has incompatible type &quot;bytes&quot;; expected &quot;Union[BinaryIO, TextIO]&quot;&#10;463: error: Argument &quot;payload&quot; to &quot;File&quot; has incompatible type &quot;bytes&quot;; expected &quot;Union[BinaryIO, TextIO]&quot;&#10;476: error: Incompatible return value type (got &quot;Optional[List[AnnotatedDocument]]&quot;, expected &quot;List[AnnotatedDocument]&quot;)&#10;524: error: Incompatible return value type (got &quot;Optional[List[AnnotatedDocument]]&quot;, expected &quot;List[AnnotatedDocument]&quot;)&#10;526: error: Missing return statement&#10;560: error: Argument &quot;description&quot; to &quot;ProjectConfigCreation&quot; has incompatible type &quot;Optional[str]&quot;; expected &quot;Union[Unset, str]&quot;&#10;565: error: Incompatible types in assignment (expression has type &quot;Optional[ProjectStatus]&quot;, variable has type &quot;ProjectStatus&quot;)&#10;566: error: Argument 1 to &quot;wait_for_completion&quot; of &quot;StreamlitSherpaClient&quot; has incompatible type &quot;Union[Unset, SherpaJobBean]&quot;; expected &quot;SherpaJobBean&quot;&#10;581: error: Argument &quot;payload&quot; to &quot;File&quot; has incompatible type &quot;bytes&quot;; expected &quot;Union[BinaryIO, TextIO]&quot;&#10;592: error: Incompatible types in assignment (expression has type &quot;Optional[SherpaJobBean]&quot;, variable has type &quot;SherpaJobBean&quot;)&#10;619: error: Incompatible types in assignment (expression has type &quot;Optional[SherpaJobBean]&quot;, variable has type &quot;SherpaJobBean&quot;)&#10;638: error: Incompatible types in assignment (expression has type &quot;Union[Any, SherpaJobBean, None]&quot;, variable has type &quot;SherpaJobBean&quot;)">75: error: Item "Unset" of "Union[Unset, Dict[str, Label]]" has no attribute "items"
77: error: Incompatible types in assignment (expression has type "Unset", variable has type "Dict[Union[Any, str], Union[Any, Dict[str, Any]]]")
81: error: Item "Unset" of "Union[Unset, AnnotationPlan]" has no attribute "to_dict"
160: error: Need type annotation for "register" (hint: "register: Dict[&lt;type&gt;, &lt;type&gt;] = ...")
213: error: Missing return statement
216: error: Incompatible return value type (got "Optional[List[ProjectBean]]", expected "List[ProjectBean]")
226: error: Incompatible return value type (got "None", expected "ProjectBean")
234: error: Incompatible return value type (got "None", expected "ProjectBean")
244: error: Value of type "Optional[List[Document]]" is not indexable
247: error: Incompatible return value type (got "Union[Document, Any, None]", expected "Document")
261: error: Incompatible types in assignment (expression has type "Optional[AnnotatorMultimap]", variable has type "AnnotatorMultimap")
304: error: Item "None" of "Optional[List[Label]]" has no attribute "__iter__" (not iterable)
321: error: Incompatible return value type (got "None", expected "ExtendedAnnotator")
324: error: Missing return statement
330: error: Incompatible return value type (got "Union[Any, NamedAnnotationPlan, None]", expected "NamedAnnotationPlan")
355: error: Incompatible return value type (got "Optional[AnnotatedDocument]", expected "AnnotatedDocument")
359: error: Incompatible types in assignment (expression has type "Optional[Any]", variable has type "File")
370: error: Missing return statement
405: error: Argument "payload" to "File" has incompatible type "bytes"; expected "Union[BinaryIO, TextIO]"
411: error: Argument "multipart_data" to "sync_detailed" has incompatible type "AnnotateFormatBinaryWithPlanRefMultipartData"; expected "AnnotateBinaryWithPlanRefMultipartData"
417: error: Incompatible return value type (got "Optional[List[AnnotatedDocument]]", expected "List[AnnotatedDocument]")
419: error: Missing return statement
432: error: Argument "payload" to "File" has incompatible type "bytes"; expected "Union[BinaryIO, TextIO]"
463: error: Argument "payload" to "File" has incompatible type "bytes"; expected "Union[BinaryIO, TextIO]"
476: error: Incompatible return value type (got "Optional[List[AnnotatedDocument]]", expected "List[AnnotatedDocument]")
524: error: Incompatible return value type (got "Optional[List[AnnotatedDocument]]", expected "List[AnnotatedDocument]")
526: error: Missing return statement
560: error: Argument "description" to "ProjectConfigCreation" has incompatible type "Optional[str]"; expected "Union[Unset, str]"
565: error: Incompatible types in assignment (expression has type "Optional[ProjectStatus]", variable has type "ProjectStatus")
566: error: Argument 1 to "wait_for_completion" of "StreamlitSherpaClient" has incompatible type "Union[Unset, SherpaJobBean]"; expected "SherpaJobBean"
581: error: Argument "payload" to "File" has incompatible type "bytes"; expected "Union[BinaryIO, TextIO]"
592: error: Incompatible types in assignment (expression has type "Optional[SherpaJobBean]", variable has type "SherpaJobBean")
619: error: Incompatible types in assignment (expression has type "Optional[SherpaJobBean]", variable has type "SherpaJobBean")
638: error: Incompatible types in assignment (expression has type "Union[Any, SherpaJobBean, None]", variable has type "SherpaJobBean")</failure></testcase><testcase classname="src.sherpa_streamlit.sherpa" name="FLAKE8" time="0.335"><failure message="/home/olivier/dev/kairntech/sherpa_streamlit/src/sherpa_streamlit/sherpa.py:26:1: F401 'sherpa_client.models.Converter' imported but unused&#10;/home/olivier/dev/kairntech/sherpa_streamlit/src/sherpa_streamlit/sherpa.py:587:30: E251 unexpected spaces around keyword / parameter equals&#10;/home/olivier/dev/kairntech/sherpa_streamlit/src/sherpa_streamlit/sherpa.py:589:26: E251 unexpected spaces around keyword / parameter equals&#10;">/home/olivier/dev/kairntech/sherpa_streamlit/src/sherpa_streamlit/sherpa.py:26:1: F401 'sherpa_client.models.Converter' imported but unused
/home/olivier/dev/kairntech/sherpa_streamlit/src/sherpa_streamlit/sherpa.py:587:30: E251 unexpected spaces around keyword / parameter equals
/home/olivier/dev/kairntech/sherpa_streamlit/src/sherpa_streamlit/sherpa.py:589:26: E251 unexpected spaces around keyword / parameter equals
</failure></testcase><testcase classname="src.sherpa_streamlit.util" name="mypy" time="0.001" /><testcase classname="src.sherpa_streamlit.util" name="FLAKE8" time="0.000"><skipped type="pytest.skip" message="file(s) previously passed FLAKE8 checks">/home/olivier/dev/kairntech/sherpa_streamlit/.tox/py38/lib/python3.8/site-packages/pytest_flake8.py:124: file(s) previously passed FLAKE8 checks</skipped></testcase><testcase classname="src.sherpa_streamlit.visualizer" name="mypy" time="0.001"><failure message="234: error: Incompatible types in assignment (expression has type &quot;None&quot;, variable has type &quot;AnnotatedDocument&quot;)&#10;235: error: Incompatible types in assignment (expression has type &quot;None&quot;, variable has type &quot;str&quot;)&#10;236: error: Incompatible types in assignment (expression has type &quot;None&quot;, variable has type &quot;UploadedFile&quot;)&#10;237: error: Incompatible types in assignment (expression has type &quot;None&quot;, variable has type &quot;File&quot;)&#10;425: error: Item &quot;Unset&quot; of &quot;Union[Unset, List[AnnotatedDocCategory]]&quot; has no attribute &quot;__iter__&quot; (not iterable)&#10;428: error: Item &quot;Unset&quot; of &quot;Union[Unset, Dict[str, Label]]&quot; has no attribute &quot;get&quot;&#10;428: error: Item &quot;None&quot; of &quot;Union[Any, Label, None]&quot; has no attribute &quot;color&quot;&#10;428: error: Unsupported right operand type for in (&quot;Union[Unset, Dict[str, Label]]&quot;)&#10;430: error: Incompatible types in string interpolation (expression has type &quot;Unset&quot;, placeholder has type &quot;Union[int, float]&quot;)&#10;441: error: Item &quot;Unset&quot; of &quot;Union[Unset, List[AnnotatedDocAnnotation]]&quot; has no attribute &quot;__iter__&quot; (not iterable)&#10;450: error: Item &quot;Unset&quot; of &quot;Union[Unset, Dict[str, Label]]&quot; has no attribute &quot;get&quot;&#10;450: error: Item &quot;None&quot; of &quot;Union[Any, Label, None]&quot; has no attribute &quot;color&quot;&#10;450: error: Unsupported right operand type for in (&quot;Union[Unset, Dict[str, Label]]&quot;)">234: error: Incompatible types in assignment (expression has type "None", variable has type "AnnotatedDocument")
235: error: Incompatible types in assignment (expression has type "None", variable has type "str")
236: error: Incompatible types in assignment (expression has type "None", variable has type "UploadedFile")
237: error: Incompatible types in assignment (expression has type "None", variable has type "File")
425: error: Item "Unset" of "Union[Unset, List[AnnotatedDocCategory]]" has no attribute "__iter__" (not iterable)
428: error: Item "Unset" of "Union[Unset, Dict[str, Label]]" has no attribute "get"
428: error: Item "None" of "Union[Any, Label, None]" has no attribute "color"
428: error: Unsupported right operand type for in ("Union[Unset, Dict[str, Label]]")
430: error: Incompatible types in string interpolation (expression has type "Unset", placeholder has type "Union[int, float]")
441: error: Item "Unset" of "Union[Unset, List[AnnotatedDocAnnotation]]" has no attribute "__iter__" (not iterable)
450: error: Item "Unset" of "Union[Unset, Dict[str, Label]]" has no attribute "get"
450: error: Item "None" of "Union[Any, Label, None]" has no attribute "color"
450: error: Unsupported right operand type for in ("Union[Unset, Dict[str, Label]]")</failure></testcase><testcase classname="src.sherpa_streamlit.visualizer" name="FLAKE8" time="0.000"><skipped type="pytest.skip" message="file(s) previously passed FLAKE8 checks">/home/olivier/dev/kairntech/sherpa_streamlit/.tox/py38/lib/python3.8/site-packages/pytest_flake8.py:124: file(s) previously passed FLAKE8 checks</skipped></testcase></testsuite></testsuites>