<?xml version="1.0" encoding="utf-8"?><testsuites><testsuite name="pytest" errors="0" failures="0" skipped="0" tests="5" time="3.551" timestamp="2021-12-22T11:27:47.145609" hostname="OLI-OMEN"><testcase classname="examples.streamlit_app" name="FLAKE8" time="0.115" /><testcase classname="src.sherpa_streamlit.__init__" name="FLAKE8" time="0.084" /><testcase classname="src.sherpa_streamlit.sherpa" name="FLAKE8" time="2.580" /><testcase classname="src.sherpa_streamlit.util" name="FLAKE8" time="0.166" /><testcase classname="src.sherpa_streamlit.visualizer" name="FLAKE8" time="0.327" /></testsuite></testsuites>