<?xml version="1.0" encoding="utf-8"?><testsuites><testsuite name="pytest" errors="0" failures="0" skipped="0" tests="4" time="1.380" timestamp="2021-12-06T19:04:13.542441" hostname="OLI-OMEN"><testcase classname="examples.streamlit_app" name="FLAKE8" time="0.055" /><testcase classname="src.sherpa_streamlit.__init__" name="FLAKE8" time="0.049" /><testcase classname="src.sherpa_streamlit.util" name="FLAKE8" time="1.049" /><testcase classname="src.sherpa_streamlit.visualizer" name="FLAKE8" time="0.126" /></testsuite></testsuites>