<?xml version="1.0" encoding="utf-8"?><testsuites><testsuite name="pytest" errors="0" failures="0" skipped="0" tests="5" time="1.734" timestamp="2021-12-06T19:17:41.424730" hostname="OLI-OMEN"><testcase classname="examples.streamlit_app" name="FLAKE8" time="0.054" /><testcase classname="src.sherpa_streamlit.__init__" name="FLAKE8" time="0.041" /><testcase classname="src.sherpa_streamlit.sherpa" name="FLAKE8" time="1.334" /><testcase classname="src.sherpa_streamlit.util" name="FLAKE8" time="0.078" /><testcase classname="src.sherpa_streamlit.visualizer" name="FLAKE8" time="0.123" /></testsuite></testsuites>