<?xml version="1.0" encoding="utf-8"?><testsuites><testsuite name="pytest" errors="0" failures="4" skipped="3" tests="11" time="4.038" timestamp="2022-03-23T12:20:17.959415" hostname="OLI-OMEN"><testcase classname="examples.streamlit_app" name="mypy" time="1.338" /><testcase classname="examples.streamlit_app" name="mypy-status" time="0.001"><failure message="mypy exited with status 1.">mypy exited with status 1.</failure></testcase><testcase classname="examples.streamlit_app" name="FLAKE8" time="0.001"><skipped type="pytest.skip" message="file(s) previously passed FLAKE8 checks">/home/olivier/dev/kairntech/sherpa_streamlit/.tox/py38/lib/python3.8/site-packages/pytest_flake8.py:124: file(s) previously passed FLAKE8 checks</skipped></testcase><testcase classname="src.sherpa_streamlit.__init__" name="mypy" time="0.001" /><testcase classname="src.sherpa_streamlit.__init__" name="FLAKE8" time="0.077" /><testcase classname="src.sherpa_streamlit.sherpa" name="mypy" time="1.648"><failure message="74: error: Item &quot;Unset&quot; of &quot;Union[Unset, Dict[str, Label]]&quot; has no attribute &quot;items&quot;&#10;76: error: Incompatible types in assignment (expression has type &quot;Unset&quot;, variable has type &quot;Dict[Union[Any, str], Union[Any, Dict[str, Any]]]&quot;)&#10;80: error: Item &quot;Unset&quot; of &quot;Union[Unset, AnnotationPlan]&quot; has no attribute &quot;to_dict&quot;&#10;159: error: Need type annotation for &quot;register&quot; (hint: &quot;register: Dict[&lt;type&gt;, &lt;type&gt;] = ...&quot;)&#10;212: error: Missing return statement&#10;215: error: Incompatible return value type (got &quot;Optional[List[ProjectBean]]&quot;, expected &quot;List[ProjectBean]&quot;)&#10;225: error: Incompatible return value type (got &quot;None&quot;, expected &quot;ProjectBean&quot;)&#10;233: error: Incompatible return value type (got &quot;None&quot;, expected &quot;ProjectBean&quot;)&#10;243: error: Value of type &quot;Optional[List[Document]]&quot; is not indexable&#10;246: error: Incompatible return value type (got &quot;Union[Document, Any, None]&quot;, expected &quot;Document&quot;)&#10;260: error: Incompatible types in assignment (expression has type &quot;Optional[AnnotatorMultimap]&quot;, variable has type &quot;AnnotatorMultimap&quot;)&#10;303: error: Item &quot;None&quot; of &quot;Optional[List[Label]]&quot; has no attribute &quot;__iter__&quot; (not iterable)&#10;320: error: Incompatible return value type (got &quot;None&quot;, expected &quot;ExtendedAnnotator&quot;)&#10;323: error: Missing return statement&#10;329: error: Incompatible return value type (got &quot;Union[Any, NamedAnnotationPlan, None]&quot;, expected &quot;NamedAnnotationPlan&quot;)&#10;354: error: Incompatible return value type (got &quot;Optional[AnnotatedDocument]&quot;, expected &quot;AnnotatedDocument&quot;)&#10;358: error: Incompatible types in assignment (expression has type &quot;Optional[Any]&quot;, variable has type &quot;File&quot;)&#10;369: error: Missing return statement&#10;404: error: Argument &quot;payload&quot; to &quot;File&quot; has incompatible type &quot;bytes&quot;; expected &quot;Union[BinaryIO, TextIO]&quot;&#10;410: error: Argument &quot;multipart_data&quot; to &quot;sync_detailed&quot; has incompatible type &quot;AnnotateFormatBinaryWithPlanRefMultipartData&quot;; expected &quot;AnnotateBinaryWithPlanRefMultipartData&quot;&#10;416: error: Incompatible return value type (got &quot;Optional[List[AnnotatedDocument]]&quot;, expected &quot;List[AnnotatedDocument]&quot;)&#10;418: error: Missing return statement&#10;431: error: Argument &quot;payload&quot; to &quot;File&quot; has incompatible type &quot;bytes&quot;; expected &quot;Union[BinaryIO, TextIO]&quot;&#10;462: error: Argument &quot;payload&quot; to &quot;File&quot; has incompatible type &quot;bytes&quot;; expected &quot;Union[BinaryIO, TextIO]&quot;&#10;475: error: Incompatible return value type (got &quot;Optional[List[AnnotatedDocument]]&quot;, expected &quot;List[AnnotatedDocument]&quot;)&#10;523: error: Incompatible return value type (got &quot;Optional[List[AnnotatedDocument]]&quot;, expected &quot;List[AnnotatedDocument]&quot;)&#10;525: error: Missing return statement&#10;559: error: Argument &quot;description&quot; to &quot;ProjectConfigCreation&quot; has incompatible type &quot;Optional[str]&quot;; expected &quot;Union[Unset, str]&quot;&#10;564: error: Incompatible types in assignment (expression has type &quot;Optional[ProjectStatus]&quot;, variable has type &quot;ProjectStatus&quot;)&#10;565: error: Argument 1 to &quot;wait_for_completion&quot; of &quot;StreamlitSherpaClient&quot; has incompatible type &quot;Union[Unset, SherpaJobBean]&quot;; expected &quot;SherpaJobBean&quot;&#10;573: error: Argument &quot;payload&quot; to &quot;File&quot; has incompatible type &quot;bytes&quot;; expected &quot;Union[BinaryIO, TextIO]&quot;&#10;581: error: Incompatible types in assignment (expression has type &quot;Optional[SherpaJobBean]&quot;, variable has type &quot;SherpaJobBean&quot;)&#10;608: error: Incompatible types in assignment (expression has type &quot;Optional[SherpaJobBean]&quot;, variable has type &quot;SherpaJobBean&quot;)&#10;627: error: Incompatible types in assignment (expression has type &quot;Union[Any, SherpaJobBean, None]&quot;, variable has type &quot;SherpaJobBean&quot;)">74: error: Item "Unset" of "Union[Unset, Dict[str, Label]]" has no attribute "items"
76: error: Incompatible types in assignment (expression has type "Unset", variable has type "Dict[Union[Any, str], Union[Any, Dict[str, Any]]]")
80: error: Item "Unset" of "Union[Unset, AnnotationPlan]" has no attribute "to_dict"
159: error: Need type annotation for "register" (hint: "register: Dict[&lt;type&gt;, &lt;type&gt;] = ...")
212: error: Missing return statement
215: error: Incompatible return value type (got "Optional[List[ProjectBean]]", expected "List[ProjectBean]")
225: error: Incompatible return value type (got "None", expected "ProjectBean")
233: error: Incompatible return value type (got "None", expected "ProjectBean")
243: error: Value of type "Optional[List[Document]]" is not indexable
246: error: Incompatible return value type (got "Union[Document, Any, None]", expected "Document")
260: error: Incompatible types in assignment (expression has type "Optional[AnnotatorMultimap]", variable has type "AnnotatorMultimap")
303: error: Item "None" of "Optional[List[Label]]" has no attribute "__iter__" (not iterable)
320: error: Incompatible return value type (got "None", expected "ExtendedAnnotator")
323: error: Missing return statement
329: error: Incompatible return value type (got "Union[Any, NamedAnnotationPlan, None]", expected "NamedAnnotationPlan")
354: error: Incompatible return value type (got "Optional[AnnotatedDocument]", expected "AnnotatedDocument")
358: error: Incompatible types in assignment (expression has type "Optional[Any]", variable has type "File")
369: error: Missing return statement
404: error: Argument "payload" to "File" has incompatible type "bytes"; expected "Union[BinaryIO, TextIO]"
410: error: Argument "multipart_data" to "sync_detailed" has incompatible type "AnnotateFormatBinaryWithPlanRefMultipartData"; expected "AnnotateBinaryWithPlanRefMultipartData"
416: error: Incompatible return value type (got "Optional[List[AnnotatedDocument]]", expected "List[AnnotatedDocument]")
418: error: Missing return statement
431: error: Argument "payload" to "File" has incompatible type "bytes"; expected "Union[BinaryIO, TextIO]"
462: error: Argument "payload" to "File" has incompatible type "bytes"; expected "Union[BinaryIO, TextIO]"
475: error: Incompatible return value type (got "Optional[List[AnnotatedDocument]]", expected "List[AnnotatedDocument]")
523: error: Incompatible return value type (got "Optional[List[AnnotatedDocument]]", expected "List[AnnotatedDocument]")
525: error: Missing return statement
559: error: Argument "description" to "ProjectConfigCreation" has incompatible type "Optional[str]"; expected "Union[Unset, str]"
564: error: Incompatible types in assignment (expression has type "Optional[ProjectStatus]", variable has type "ProjectStatus")
565: error: Argument 1 to "wait_for_completion" of "StreamlitSherpaClient" has incompatible type "Union[Unset, SherpaJobBean]"; expected "SherpaJobBean"
573: error: Argument "payload" to "File" has incompatible type "bytes"; expected "Union[BinaryIO, TextIO]"
581: error: Incompatible types in assignment (expression has type "Optional[SherpaJobBean]", variable has type "SherpaJobBean")
608: error: Incompatible types in assignment (expression has type "Optional[SherpaJobBean]", variable has type "SherpaJobBean")
627: error: Incompatible types in assignment (expression has type "Union[Any, SherpaJobBean, None]", variable has type "SherpaJobBean")</failure></testcase><testcase classname="src.sherpa_streamlit.sherpa" name="FLAKE8" time="0.360"><failure message="/home/olivier/dev/kairntech/sherpa_streamlit/src/sherpa_streamlit/sherpa.py:26:1: F401 'sherpa_client.models.Converter' imported but unused&#10;">/home/olivier/dev/kairntech/sherpa_streamlit/src/sherpa_streamlit/sherpa.py:26:1: F401 'sherpa_client.models.Converter' imported but unused
</failure></testcase><testcase classname="src.sherpa_streamlit.util" name="mypy" time="0.001" /><testcase classname="src.sherpa_streamlit.util" name="FLAKE8" time="0.000"><skipped type="pytest.skip" message="file(s) previously passed FLAKE8 checks">/home/olivier/dev/kairntech/sherpa_streamlit/.tox/py38/lib/python3.8/site-packages/pytest_flake8.py:124: file(s) previously passed FLAKE8 checks</skipped></testcase><testcase classname="src.sherpa_streamlit.visualizer" name="mypy" time="0.001"><failure message="234: error: Incompatible types in assignment (expression has type &quot;None&quot;, variable has type &quot;AnnotatedDocument&quot;)&#10;235: error: Incompatible types in assignment (expression has type &quot;None&quot;, variable has type &quot;str&quot;)&#10;236: error: Incompatible types in assignment (expression has type &quot;None&quot;, variable has type &quot;UploadedFile&quot;)&#10;237: error: Incompatible types in assignment (expression has type &quot;None&quot;, variable has type &quot;File&quot;)&#10;425: error: Item &quot;Unset&quot; of &quot;Union[Unset, List[AnnotatedDocCategory]]&quot; has no attribute &quot;__iter__&quot; (not iterable)&#10;428: error: Item &quot;Unset&quot; of &quot;Union[Unset, Dict[str, Label]]&quot; has no attribute &quot;get&quot;&#10;428: error: Item &quot;None&quot; of &quot;Union[Any, Label, None]&quot; has no attribute &quot;color&quot;&#10;428: error: Unsupported right operand type for in (&quot;Union[Unset, Dict[str, Label]]&quot;)&#10;430: error: Incompatible types in string interpolation (expression has type &quot;Unset&quot;, placeholder has type &quot;Union[int, float]&quot;)&#10;441: error: Item &quot;Unset&quot; of &quot;Union[Unset, List[AnnotatedDocAnnotation]]&quot; has no attribute &quot;__iter__&quot; (not iterable)&#10;450: error: Item &quot;Unset&quot; of &quot;Union[Unset, Dict[str, Label]]&quot; has no attribute &quot;get&quot;&#10;450: error: Item &quot;None&quot; of &quot;Union[Any, Label, None]&quot; has no attribute &quot;color&quot;&#10;450: error: Unsupported right operand type for in (&quot;Union[Unset, Dict[str, Label]]&quot;)">234: error: Incompatible types in assignment (expression has type "None", variable has type "AnnotatedDocument")
235: error: Incompatible types in assignment (expression has type "None", variable has type "str")
236: error: Incompatible types in assignment (expression has type "None", variable has type "UploadedFile")
237: error: Incompatible types in assignment (expression has type "None", variable has type "File")
425: error: Item "Unset" of "Union[Unset, List[AnnotatedDocCategory]]" has no attribute "__iter__" (not iterable)
428: error: Item "Unset" of "Union[Unset, Dict[str, Label]]" has no attribute "get"
428: error: Item "None" of "Union[Any, Label, None]" has no attribute "color"
428: error: Unsupported right operand type for in ("Union[Unset, Dict[str, Label]]")
430: error: Incompatible types in string interpolation (expression has type "Unset", placeholder has type "Union[int, float]")
441: error: Item "Unset" of "Union[Unset, List[AnnotatedDocAnnotation]]" has no attribute "__iter__" (not iterable)
450: error: Item "Unset" of "Union[Unset, Dict[str, Label]]" has no attribute "get"
450: error: Item "None" of "Union[Any, Label, None]" has no attribute "color"
450: error: Unsupported right operand type for in ("Union[Unset, Dict[str, Label]]")</failure></testcase><testcase classname="src.sherpa_streamlit.visualizer" name="FLAKE8" time="0.000"><skipped type="pytest.skip" message="file(s) previously passed FLAKE8 checks">/home/olivier/dev/kairntech/sherpa_streamlit/.tox/py38/lib/python3.8/site-packages/pytest_flake8.py:124: file(s) previously passed FLAKE8 checks</skipped></testcase></testsuite></testsuites>