<?xml version="1.0" encoding="utf-8"?><testsuites><testsuite name="pytest" errors="0" failures="0" skipped="0" tests="5" time="1.715" timestamp="2021-12-08T19:22:46.163574" hostname="OLI-OMEN"><testcase classname="examples.streamlit_app" name="FLAKE8" time="0.056" /><testcase classname="src.sherpa_streamlit.__init__" name="FLAKE8" time="0.043" /><testcase classname="src.sherpa_streamlit.sherpa" name="FLAKE8" time="1.302" /><testcase classname="src.sherpa_streamlit.util" name="FLAKE8" time="0.082" /><testcase classname="src.sherpa_streamlit.visualizer" name="FLAKE8" time="0.127" /></testsuite></testsuites>