<?xml version="1.0" encoding="utf-8"?><testsuites><testsuite name="pytest" errors="0" failures="1" skipped="4" tests="5" time="1.731" timestamp="2021-12-06T10:31:58.841208" hostname="OLI-OMEN"><testcase classname="examples.streamlit_app" name="FLAKE8" time="0.000"><skipped type="pytest.skip" message="file(s) previously passed FLAKE8 checks">/home/olivier/dev/kairntech/sherpa_streamlit/.tox/py38/lib/python3.8/site-packages/pytest_flake8.py:116: file(s) previously passed FLAKE8 checks</skipped></testcase><testcase classname="src.sherpa_streamlit.__init__" name="FLAKE8" time="0.000"><skipped type="pytest.skip" message="file(s) previously passed FLAKE8 checks">/home/olivier/dev/kairntech/sherpa_streamlit/.tox/py38/lib/python3.8/site-packages/pytest_flake8.py:116: file(s) previously passed FLAKE8 checks</skipped></testcase><testcase classname="src.sherpa_streamlit.sherpa" name="FLAKE8" time="1.618"><failure message="/home/olivier/dev/kairntech/sherpa_streamlit/src/sherpa_streamlit/sherpa.py:2:1: F401 'pathlib.Path' imported but unused&#10;/home/olivier/dev/kairntech/sherpa_streamlit/src/sherpa_streamlit/sherpa.py:21:1: F401 'streamlit.uploaded_file_manager.UploadedFileRec' imported but unused&#10;">/home/olivier/dev/kairntech/sherpa_streamlit/src/sherpa_streamlit/sherpa.py:2:1: F401 'pathlib.Path' imported but unused
/home/olivier/dev/kairntech/sherpa_streamlit/src/sherpa_streamlit/sherpa.py:21:1: F401 'streamlit.uploaded_file_manager.UploadedFileRec' imported but unused
</failure></testcase><testcase classname="src.sherpa_streamlit.util" name="FLAKE8" time="0.000"><skipped type="pytest.skip" message="file(s) previously passed FLAKE8 checks">/home/olivier/dev/kairntech/sherpa_streamlit/.tox/py38/lib/python3.8/site-packages/pytest_flake8.py:116: file(s) previously passed FLAKE8 checks</skipped></testcase><testcase classname="src.sherpa_streamlit.visualizer" name="FLAKE8" time="0.000"><skipped type="pytest.skip" message="file(s) previously passed FLAKE8 checks">/home/olivier/dev/kairntech/sherpa_streamlit/.tox/py38/lib/python3.8/site-packages/pytest_flake8.py:116: file(s) previously passed FLAKE8 checks</skipped></testcase></testsuite></testsuites>